{"name": "verify user is able to place an order through net banking", "status": "failed", "statusDetails": {"message": "AssertionError\n", "trace": "  File \"c:\\python36\\lib\\site-packages\\behave\\model.py\", line 1329, in run\n    match.run(runner.context)\n  File \"c:\\python36\\lib\\site-packages\\behave\\matchers.py\", line 98, in run\n    self.func(context, *args, **kwargs)\n  File \"features\\steps\\flipkart_test_steps.py\", line 78, in step_impl\n    assert True is cart_details.select_deleviry_address()\n"}, "steps": [{"name": "Given the user opens Flipkart", "status": "passed", "start": 1580727380630, "stop": 1580727384143}, {"name": "When the user navigates to \"Electronics/Mobile\" options", "status": "passed", "start": 1580727384144, "stop": 1580727384275}, {"name": "And selects \"OPPO\"", "status": "passed", "start": 1580727384275, "stop": 1580727385899}, {"name": "Then product list page is opened", "status": "passed", "start": 1580727385900, "stop": 1580727386054}, {"name": "When the user selects \"OPPO A3s (Purple, 16 GB)\"", "status": "passed", "start": 1580727386054, "stop": 1580727391706}, {"name": "And clicks on add to cart", "status": "passed", "start": 1580727391706, "stop": 1580727391834}, {"name": "And the user navigates to Flipkart main page by clicking Home icon", "status": "passed", "start": 1580727391835, "stop": 1580727395704}, {"name": "And the user navigates to cart page", "status": "passed", "start": 1580727395704, "stop": 1580727396454}, {"name": "Then the item is present in cart", "status": "passed", "start": 1580727396454, "stop": 1580727396499}, {"name": "When the user clicks on place the order", "status": "passed", "start": 1580727396499, "stop": 1580727398823}, {"name": "And the user enters \"9007935049\" and \"kolkata@1992\"", "status": "failed", "statusDetails": {"message": "AssertionError\n", "trace": "  File \"c:\\python36\\lib\\site-packages\\behave\\model.py\", line 1329, in run\n    match.run(runner.context)\n  File \"c:\\python36\\lib\\site-packages\\behave\\matchers.py\", line 98, in run\n    self.func(context, *args, **kwargs)\n  File \"features\\steps\\flipkart_test_steps.py\", line 78, in step_impl\n    assert True is cart_details.select_deleviry_address()\n"}, "start": 1580727398823, "stop": 1580727461328}, {"name": "And clicks on Submit", "status": "skipped", "start": 1580727464405, "stop": 1580727464405}, {"name": "Then user navigates to payment options page", "status": "skipped", "start": 1580727464405, "stop": 1580727464405}, {"name": "When the user clicks on net banking", "status": "skipped", "start": 1580727464405, "stop": 1580727464405}, {"name": "And selects bank as \"Corporation Bank\"", "status": "skipped", "start": 1580727464405, "stop": 1580727464405}, {"name": "Then user takes a screen shot of the page", "status": "skipped", "start": 1580727464405, "stop": 1580727464405}], "start": 1580727375928, "stop": 1580727464405, "uuid": "ce2eac3b-3d8e-45d9-84b9-6e30d4e63301", "historyId": "d05ac222ea476f0f7388e37f2fda9a40", "labels": [{"name": "severity", "value": "normal"}, {"name": "tag", "value": "chrome"}, {"name": "feature", "value": "Flipkart order placement"}, {"name": "framework", "value": "behave"}, {"name": "language", "value": "cpython3"}]}