{"name": "verify user is able to place an order through net banking", "status": "failed", "statusDetails": {"message": "AssertionError\n", "trace": "  File \"c:\\python36\\lib\\site-packages\\behave\\model.py\", line 1329, in run\n    match.run(runner.context)\n  File \"c:\\python36\\lib\\site-packages\\behave\\matchers.py\", line 98, in run\n    self.func(context, *args, **kwargs)\n  File \"features\\steps\\flipkart_test_steps.py\", line 78, in step_impl\n    assert True is cart_details.select_deleviry_address()\n"}, "steps": [{"name": "Given the user opens Flipkart", "status": "passed", "start": 1580727008191, "stop": 1580727011675}, {"name": "When the user navigates to \"Electronics/Mobile\" options", "status": "passed", "start": 1580727011676, "stop": 1580727011826}, {"name": "And selects \"OPPO\"", "status": "passed", "start": 1580727011826, "stop": 1580727013321}, {"name": "Then product list page is opened", "status": "passed", "start": 1580727013321, "stop": 1580727013464}, {"name": "When the user selects \"OPPO A3s (Purple, 16 GB)\"", "status": "passed", "start": 1580727013465, "stop": 1580727018574}, {"name": "And clicks on add to cart", "status": "passed", "start": 1580727018574, "stop": 1580727018696}, {"name": "And the user navigates to Flipkart main page by clicking Home icon", "status": "passed", "start": 1580727018696, "stop": 1580727022579}, {"name": "And the user navigates to cart page", "status": "passed", "start": 1580727022579, "stop": 1580727023362}, {"name": "Then the item is present in cart", "status": "passed", "start": 1580727023362, "stop": 1580727023403}, {"name": "When the user clicks on place the order", "status": "passed", "start": 1580727023403, "stop": 1580727025671}, {"name": "And the user enters \"9007935049\" and \"kolkata@1992\"", "status": "failed", "statusDetails": {"message": "AssertionError\n", "trace": "  File \"c:\\python36\\lib\\site-packages\\behave\\model.py\", line 1329, in run\n    match.run(runner.context)\n  File \"c:\\python36\\lib\\site-packages\\behave\\matchers.py\", line 98, in run\n    self.func(context, *args, **kwargs)\n  File \"features\\steps\\flipkart_test_steps.py\", line 78, in step_impl\n    assert True is cart_details.select_deleviry_address()\n"}, "start": 1580727025671, "stop": 1580727088105}, {"name": "And clicks on Submit", "status": "skipped", "start": 1580727091193, "stop": 1580727091193}, {"name": "Then user navigates to payment options page", "status": "skipped", "start": 1580727091193, "stop": 1580727091193}, {"name": "When the user clicks on net banking", "status": "skipped", "start": 1580727091193, "stop": 1580727091193}, {"name": "And selects bank as \"Corporation Bank\"", "status": "skipped", "start": 1580727091193, "stop": 1580727091193}, {"name": "Then user takes a screen shot of the page", "status": "skipped", "start": 1580727091193, "stop": 1580727091193}], "start": 1580727003135, "stop": 1580727091193, "uuid": "a9406c72-8520-4e3d-8d12-4bd2603d8c0b", "historyId": "d05ac222ea476f0f7388e37f2fda9a40", "labels": [{"name": "severity", "value": "normal"}, {"name": "tag", "value": "chrome"}, {"name": "feature", "value": "Flipkart order placement"}, {"name": "framework", "value": "behave"}, {"name": "language", "value": "cpython3"}]}